<?xml version="1.0" encoding="UTF-8"?>
<!-- Generated by org.testng.reporters.JUnitReportReporter -->
<testsuite skipped="0" hostname="vinayakayanamah" name="org.qa.api.rahulShetty.addBooks.addBookes" tests="3" failures="0" timestamp="2020-07-05T15:12:53 IST" time="6.940" errors="0">
  <testcase name="createBooks4mDP" time="5.901" classname="org.qa.api.rahulShetty.addBooks.addBookes"/>
  <system-out/>
  <testcase name="createBooks4mDP" time="0.433" classname="org.qa.api.rahulShetty.addBooks.addBookes"/>
  <system-out/>
  <testcase name="createBooks4mDP" time="0.606" classname="org.qa.api.rahulShetty.addBooks.addBookes"/>
  <system-out/>
</testsuite> <!-- org.qa.api.rahulShetty.addBooks.addBookes -->
